<?xml version="1.0" encoding="UTF-8"?>
<testsuite xmlns:xsi="http://www.w3.org/2001/XMLSchema-instance" xsi:noNamespaceSchemaLocation="https://maven.apache.org/surefire/maven-surefire-plugin/xsd/surefire-test-report-3.0.xsd" version="3.0" name="org.example.AppTest" time="0.035" tests="1" errors="0" skipped="0" failures="0">
  <properties>
    <property name="java.specification.version" value="17"/>
    <property name="sun.jnu.encoding" value="UTF-8"/>
    <property name="java.class.path" value="/Users/anjolaoluwaadeuyi/Documents/CPS2/Master 2 (M2)/Semantic web/SW Project/bulbapedia-kg/target/test-classes:/Users/anjolaoluwaadeuyi/Documents/CPS2/Master 2 (M2)/Semantic web/SW Project/bulbapedia-kg/target/classes:/Users/anjolaoluwaadeuyi/.m2/repository/junit/junit/4.13.2/junit-4.13.2.jar:/Users/anjolaoluwaadeuyi/.m2/repository/org/hamcrest/hamcrest-core/1.3/hamcrest-core-1.3.jar:/Users/anjolaoluwaadeuyi/.m2/repository/org/apache/jena/jena-rdfpatch/4.10.0/jena-rdfpatch-4.10.0.jar:/Users/anjolaoluwaadeuyi/.m2/repository/org/apache/jena/jena-arq/4.10.0/jena-arq-4.10.0.jar:/Users/anjolaoluwaadeuyi/.m2/repository/org/apache/jena/jena-core/4.10.0/jena-core-4.10.0.jar:/Users/anjolaoluwaadeuyi/.m2/repository/org/apache/jena/jena-base/4.10.0/jena-base-4.10.0.jar:/Users/anjolaoluwaadeuyi/.m2/repository/org/apache/commons/commons-csv/1.10.0/commons-csv-1.10.0.jar:/Users/anjolaoluwaadeuyi/.m2/repository/commons-io/commons-io/2.14.0/commons-io-2.14.0.jar:/Users/anjolaoluwaadeuyi/.m2/repository/commons-codec/commons-codec/1.16.0/commons-codec-1.16.0.jar:/Users/anjolaoluwaadeuyi/.m2/repository/org/apache/commons/commons-compress/1.24.0/commons-compress-1.24.0.jar:/Users/anjolaoluwaadeuyi/.m2/repository/org/apache/commons/commons-collections4/4.4/commons-collections4-4.4.jar:/Users/anjolaoluwaadeuyi/.m2/repository/com/github/ben-manes/caffeine/caffeine/3.1.8/caffeine-3.1.8.jar:/Users/anjolaoluwaadeuyi/.m2/repository/org/checkerframework/checker-qual/3.37.0/checker-qual-3.37.0.jar:/Users/anjolaoluwaadeuyi/.m2/repository/com/google/errorprone/error_prone_annotations/2.21.1/error_prone_annotations-2.21.1.jar:/Users/anjolaoluwaadeuyi/.m2/repository/com/github/andrewoma/dexx/collection/0.7/collection-0.7.jar:/Users/anjolaoluwaadeuyi/.m2/repository/org/apache/jena/jena-iri/4.10.0/jena-iri-4.10.0.jar:/Users/anjolaoluwaadeuyi/.m2/repository/commons-cli/commons-cli/1.5.0/commons-cli-1.5.0.jar:/Users/anjolaoluwaadeuyi/.m2/repository/org/roaringbitmap/RoaringBitmap/1.0.0/RoaringBitmap-1.0.0.jar:/Users/anjolaoluwaadeuyi/.m2/repository/com/github/jsonld-java/jsonld-java/0.13.4/jsonld-java-0.13.4.jar:/Users/anjolaoluwaadeuyi/.m2/repository/com/google/code/gson/gson/2.10.1/gson-2.10.1.jar:/Users/anjolaoluwaadeuyi/.m2/repository/org/apache/httpcomponents/httpclient-cache/4.5.14/httpclient-cache-4.5.14.jar:/Users/anjolaoluwaadeuyi/.m2/repository/org/apache/httpcomponents/httpclient/4.5.14/httpclient-4.5.14.jar:/Users/anjolaoluwaadeuyi/.m2/repository/org/apache/httpcomponents/httpcore/4.4.16/httpcore-4.4.16.jar:/Users/anjolaoluwaadeuyi/.m2/repository/org/slf4j/jcl-over-slf4j/1.7.36/jcl-over-slf4j-1.7.36.jar:/Users/anjolaoluwaadeuyi/.m2/repository/com/fasterxml/jackson/core/jackson-core/2.15.3/jackson-core-2.15.3.jar:/Users/anjolaoluwaadeuyi/.m2/repository/com/fasterxml/jackson/core/jackson-databind/2.15.3/jackson-databind-2.15.3.jar:/Users/anjolaoluwaadeuyi/.m2/repository/com/fasterxml/jackson/core/jackson-annotations/2.15.3/jackson-annotations-2.15.3.jar:/Users/anjolaoluwaadeuyi/.m2/repository/com/apicatalog/titanium-json-ld/1.3.2/titanium-json-ld-1.3.2.jar:/Users/anjolaoluwaadeuyi/.m2/repository/org/glassfish/jakarta.json/2.0.1/jakarta.json-2.0.1.jar:/Users/anjolaoluwaadeuyi/.m2/repository/com/google/protobuf/protobuf-java/3.24.3/protobuf-java-3.24.3.jar:/Users/anjolaoluwaadeuyi/.m2/repository/org/apache/thrift/libthrift/0.19.0/libthrift-0.19.0.jar:/Users/anjolaoluwaadeuyi/.m2/repository/org/apache/commons/commons-lang3/3.13.0/commons-lang3-3.13.0.jar:/Users/anjolaoluwaadeuyi/.m2/repository/org/apache/jena/jena-shacl/4.10.0/jena-shacl-4.10.0.jar:/Users/anjolaoluwaadeuyi/.m2/repository/org/apache/jena/jena-shex/4.10.0/jena-shex-4.10.0.jar:/Users/anjolaoluwaadeuyi/.m2/repository/org/apache/jena/jena-tdb/4.10.0/jena-tdb-4.10.0.jar:/Users/anjolaoluwaadeuyi/.m2/repository/org/apache/jena/jena-tdb2/4.10.0/jena-tdb2-4.10.0.jar:/Users/anjolaoluwaadeuyi/.m2/repository/org/apache/jena/jena-dboe-storage/4.10.0/jena-dboe-storage-4.10.0.jar:/Users/anjolaoluwaadeuyi/.m2/repository/org/apache/jena/jena-dboe-trans-data/4.10.0/jena-dboe-trans-data-4.10.0.jar:/Users/anjolaoluwaadeuyi/.m2/repository/org/apache/jena/jena-dboe-transaction/4.10.0/jena-dboe-transaction-4.10.0.jar:/Users/anjolaoluwaadeuyi/.m2/repository/org/apache/jena/jena-dboe-base/4.10.0/jena-dboe-base-4.10.0.jar:/Users/anjolaoluwaadeuyi/.m2/repository/org/apache/jena/jena-dboe-index/4.10.0/jena-dboe-index-4.10.0.jar:/Users/anjolaoluwaadeuyi/.m2/repository/org/apache/jena/jena-rdfconnection/4.10.0/jena-rdfconnection-4.10.0.jar:/Users/anjolaoluwaadeuyi/.m2/repository/org/apache/jena/jena-fuseki-main/4.10.0/jena-fuseki-main-4.10.0.jar:/Users/anjolaoluwaadeuyi/.m2/repository/org/apache/jena/jena-fuseki-core/4.10.0/jena-fuseki-core-4.10.0.jar:/Users/anjolaoluwaadeuyi/.m2/repository/org/eclipse/jetty/jetty-servlet/10.0.17/jetty-servlet-10.0.17.jar:/Users/anjolaoluwaadeuyi/.m2/repository/org/eclipse/jetty/jetty-security/10.0.17/jetty-security-10.0.17.jar:/Users/anjolaoluwaadeuyi/.m2/repository/org/eclipse/jetty/jetty-server/10.0.17/jetty-server-10.0.17.jar:/Users/anjolaoluwaadeuyi/.m2/repository/org/eclipse/jetty/toolchain/jetty-servlet-api/4.0.6/jetty-servlet-api-4.0.6.jar:/Users/anjolaoluwaadeuyi/.m2/repository/org/eclipse/jetty/jetty-servlets/10.0.17/jetty-servlets-10.0.17.jar:/Users/anjolaoluwaadeuyi/.m2/repository/org/eclipse/jetty/jetty-http/10.0.17/jetty-http-10.0.17.jar:/Users/anjolaoluwaadeuyi/.m2/repository/org/eclipse/jetty/jetty-io/10.0.17/jetty-io-10.0.17.jar:/Users/anjolaoluwaadeuyi/.m2/repository/io/micrometer/micrometer-core/1.11.4/micrometer-core-1.11.4.jar:/Users/anjolaoluwaadeuyi/.m2/repository/io/micrometer/micrometer-commons/1.11.4/micrometer-commons-1.11.4.jar:/Users/anjolaoluwaadeuyi/.m2/repository/io/micrometer/micrometer-observation/1.11.4/micrometer-observation-1.11.4.jar:/Users/anjolaoluwaadeuyi/.m2/repository/org/hdrhistogram/HdrHistogram/2.1.12/HdrHistogram-2.1.12.jar:/Users/anjolaoluwaadeuyi/.m2/repository/org/latencyutils/LatencyUtils/2.0.3/LatencyUtils-2.0.3.jar:/Users/anjolaoluwaadeuyi/.m2/repository/io/micrometer/micrometer-registry-prometheus/1.11.4/micrometer-registry-prometheus-1.11.4.jar:/Users/anjolaoluwaadeuyi/.m2/repository/io/prometheus/simpleclient_common/0.16.0/simpleclient_common-0.16.0.jar:/Users/anjolaoluwaadeuyi/.m2/repository/io/prometheus/simpleclient/0.16.0/simpleclient-0.16.0.jar:/Users/anjolaoluwaadeuyi/.m2/repository/io/prometheus/simpleclient_tracer_otel/0.16.0/simpleclient_tracer_otel-0.16.0.jar:/Users/anjolaoluwaadeuyi/.m2/repository/io/prometheus/simpleclient_tracer_common/0.16.0/simpleclient_tracer_common-0.16.0.jar:/Users/anjolaoluwaadeuyi/.m2/repository/io/prometheus/simpleclient_tracer_otel_agent/0.16.0/simpleclient_tracer_otel_agent-0.16.0.jar:/Users/anjolaoluwaadeuyi/.m2/repository/org/apache/jena/jena-fuseki-access/4.10.0/jena-fuseki-access-4.10.0.jar:/Users/anjolaoluwaadeuyi/.m2/repository/org/apache/jena/jena-cmds/4.10.0/jena-cmds-4.10.0.jar:/Users/anjolaoluwaadeuyi/.m2/repository/org/eclipse/jetty/jetty-xml/10.0.17/jetty-xml-10.0.17.jar:/Users/anjolaoluwaadeuyi/.m2/repository/org/eclipse/jetty/jetty-util/10.0.17/jetty-util-10.0.17.jar:/Users/anjolaoluwaadeuyi/.m2/repository/org/glassfish/jersey/containers/jersey-container-grizzly2-http/3.1.5/jersey-container-grizzly2-http-3.1.5.jar:/Users/anjolaoluwaadeuyi/.m2/repository/jakarta/inject/jakarta.inject-api/2.0.1/jakarta.inject-api-2.0.1.jar:/Users/anjolaoluwaadeuyi/.m2/repository/org/glassfish/grizzly/grizzly-http-server/4.0.1/grizzly-http-server-4.0.1.jar:/Users/anjolaoluwaadeuyi/.m2/repository/org/glassfish/grizzly/grizzly-http/4.0.1/grizzly-http-4.0.1.jar:/Users/anjolaoluwaadeuyi/.m2/repository/org/glassfish/grizzly/grizzly-framework/4.0.1/grizzly-framework-4.0.1.jar:/Users/anjolaoluwaadeuyi/.m2/repository/org/glassfish/jersey/core/jersey-common/3.1.5/jersey-common-3.1.5.jar:/Users/anjolaoluwaadeuyi/.m2/repository/jakarta/annotation/jakarta.annotation-api/2.1.1/jakarta.annotation-api-2.1.1.jar:/Users/anjolaoluwaadeuyi/.m2/repository/org/glassfish/hk2/osgi-resource-locator/1.0.3/osgi-resource-locator-1.0.3.jar:/Users/anjolaoluwaadeuyi/.m2/repository/org/glassfish/jersey/core/jersey-server/3.1.5/jersey-server-3.1.5.jar:/Users/anjolaoluwaadeuyi/.m2/repository/org/glassfish/jersey/core/jersey-client/3.1.5/jersey-client-3.1.5.jar:/Users/anjolaoluwaadeuyi/.m2/repository/jakarta/validation/jakarta.validation-api/3.0.2/jakarta.validation-api-3.0.2.jar:/Users/anjolaoluwaadeuyi/.m2/repository/jakarta/ws/rs/jakarta.ws.rs-api/3.1.0/jakarta.ws.rs-api-3.1.0.jar:/Users/anjolaoluwaadeuyi/.m2/repository/org/json/json/20231013/json-20231013.jar:/Users/anjolaoluwaadeuyi/.m2/repository/org/slf4j/slf4j-api/2.0.11/slf4j-api-2.0.11.jar:/Users/anjolaoluwaadeuyi/.m2/repository/ch/qos/logback/logback-classic/1.4.14/logback-classic-1.4.14.jar:/Users/anjolaoluwaadeuyi/.m2/repository/ch/qos/logback/logback-core/1.4.14/logback-core-1.4.14.jar:"/>
    <property name="java.vm.vendor" value="Homebrew"/>
    <property name="sun.arch.data.model" value="64"/>
    <property name="java.vendor.url" value="https://github.com/Homebrew/homebrew-core/issues"/>
    <property name="os.name" value="Mac OS X"/>
    <property name="java.vm.specification.version" value="17"/>
    <property name="sun.java.launcher" value="SUN_STANDARD"/>
    <property name="user.country" value="US"/>
    <property name="sun.boot.library.path" value="/opt/homebrew/Cellar/openjdk@17/17.0.13/libexec/openjdk.jdk/Contents/Home/lib"/>
    <property name="sun.java.command" value="/Users/anjolaoluwaadeuyi/Documents/CPS2/Master 2 (M2)/Semantic web/SW Project/bulbapedia-kg/target/surefire/surefirebooter-20250110192816314_3.jar /Users/anjolaoluwaadeuyi/Documents/CPS2/Master 2 (M2)/Semantic web/SW Project/bulbapedia-kg/target/surefire 2025-01-10T19-28-16_231-jvmRun1 surefire-20250110192816314_1tmp surefire_0-20250110192816314_2tmp"/>
    <property name="http.nonProxyHosts" value="local|*.local|169.254/16|*.169.254/16"/>
    <property name="jdk.debug" value="release"/>
    <property name="surefire.test.class.path" value="/Users/anjolaoluwaadeuyi/Documents/CPS2/Master 2 (M2)/Semantic web/SW Project/bulbapedia-kg/target/test-classes:/Users/anjolaoluwaadeuyi/Documents/CPS2/Master 2 (M2)/Semantic web/SW Project/bulbapedia-kg/target/classes:/Users/anjolaoluwaadeuyi/.m2/repository/junit/junit/4.13.2/junit-4.13.2.jar:/Users/anjolaoluwaadeuyi/.m2/repository/org/hamcrest/hamcrest-core/1.3/hamcrest-core-1.3.jar:/Users/anjolaoluwaadeuyi/.m2/repository/org/apache/jena/jena-rdfpatch/4.10.0/jena-rdfpatch-4.10.0.jar:/Users/anjolaoluwaadeuyi/.m2/repository/org/apache/jena/jena-arq/4.10.0/jena-arq-4.10.0.jar:/Users/anjolaoluwaadeuyi/.m2/repository/org/apache/jena/jena-core/4.10.0/jena-core-4.10.0.jar:/Users/anjolaoluwaadeuyi/.m2/repository/org/apache/jena/jena-base/4.10.0/jena-base-4.10.0.jar:/Users/anjolaoluwaadeuyi/.m2/repository/org/apache/commons/commons-csv/1.10.0/commons-csv-1.10.0.jar:/Users/anjolaoluwaadeuyi/.m2/repository/commons-io/commons-io/2.14.0/commons-io-2.14.0.jar:/Users/anjolaoluwaadeuyi/.m2/repository/commons-codec/commons-codec/1.16.0/commons-codec-1.16.0.jar:/Users/anjolaoluwaadeuyi/.m2/repository/org/apache/commons/commons-compress/1.24.0/commons-compress-1.24.0.jar:/Users/anjolaoluwaadeuyi/.m2/repository/org/apache/commons/commons-collections4/4.4/commons-collections4-4.4.jar:/Users/anjolaoluwaadeuyi/.m2/repository/com/github/ben-manes/caffeine/caffeine/3.1.8/caffeine-3.1.8.jar:/Users/anjolaoluwaadeuyi/.m2/repository/org/checkerframework/checker-qual/3.37.0/checker-qual-3.37.0.jar:/Users/anjolaoluwaadeuyi/.m2/repository/com/google/errorprone/error_prone_annotations/2.21.1/error_prone_annotations-2.21.1.jar:/Users/anjolaoluwaadeuyi/.m2/repository/com/github/andrewoma/dexx/collection/0.7/collection-0.7.jar:/Users/anjolaoluwaadeuyi/.m2/repository/org/apache/jena/jena-iri/4.10.0/jena-iri-4.10.0.jar:/Users/anjolaoluwaadeuyi/.m2/repository/commons-cli/commons-cli/1.5.0/commons-cli-1.5.0.jar:/Users/anjolaoluwaadeuyi/.m2/repository/org/roaringbitmap/RoaringBitmap/1.0.0/RoaringBitmap-1.0.0.jar:/Users/anjolaoluwaadeuyi/.m2/repository/com/github/jsonld-java/jsonld-java/0.13.4/jsonld-java-0.13.4.jar:/Users/anjolaoluwaadeuyi/.m2/repository/com/google/code/gson/gson/2.10.1/gson-2.10.1.jar:/Users/anjolaoluwaadeuyi/.m2/repository/org/apache/httpcomponents/httpclient-cache/4.5.14/httpclient-cache-4.5.14.jar:/Users/anjolaoluwaadeuyi/.m2/repository/org/apache/httpcomponents/httpclient/4.5.14/httpclient-4.5.14.jar:/Users/anjolaoluwaadeuyi/.m2/repository/org/apache/httpcomponents/httpcore/4.4.16/httpcore-4.4.16.jar:/Users/anjolaoluwaadeuyi/.m2/repository/org/slf4j/jcl-over-slf4j/1.7.36/jcl-over-slf4j-1.7.36.jar:/Users/anjolaoluwaadeuyi/.m2/repository/com/fasterxml/jackson/core/jackson-core/2.15.3/jackson-core-2.15.3.jar:/Users/anjolaoluwaadeuyi/.m2/repository/com/fasterxml/jackson/core/jackson-databind/2.15.3/jackson-databind-2.15.3.jar:/Users/anjolaoluwaadeuyi/.m2/repository/com/fasterxml/jackson/core/jackson-annotations/2.15.3/jackson-annotations-2.15.3.jar:/Users/anjolaoluwaadeuyi/.m2/repository/com/apicatalog/titanium-json-ld/1.3.2/titanium-json-ld-1.3.2.jar:/Users/anjolaoluwaadeuyi/.m2/repository/org/glassfish/jakarta.json/2.0.1/jakarta.json-2.0.1.jar:/Users/anjolaoluwaadeuyi/.m2/repository/com/google/protobuf/protobuf-java/3.24.3/protobuf-java-3.24.3.jar:/Users/anjolaoluwaadeuyi/.m2/repository/org/apache/thrift/libthrift/0.19.0/libthrift-0.19.0.jar:/Users/anjolaoluwaadeuyi/.m2/repository/org/apache/commons/commons-lang3/3.13.0/commons-lang3-3.13.0.jar:/Users/anjolaoluwaadeuyi/.m2/repository/org/apache/jena/jena-shacl/4.10.0/jena-shacl-4.10.0.jar:/Users/anjolaoluwaadeuyi/.m2/repository/org/apache/jena/jena-shex/4.10.0/jena-shex-4.10.0.jar:/Users/anjolaoluwaadeuyi/.m2/repository/org/apache/jena/jena-tdb/4.10.0/jena-tdb-4.10.0.jar:/Users/anjolaoluwaadeuyi/.m2/repository/org/apache/jena/jena-tdb2/4.10.0/jena-tdb2-4.10.0.jar:/Users/anjolaoluwaadeuyi/.m2/repository/org/apache/jena/jena-dboe-storage/4.10.0/jena-dboe-storage-4.10.0.jar:/Users/anjolaoluwaadeuyi/.m2/repository/org/apache/jena/jena-dboe-trans-data/4.10.0/jena-dboe-trans-data-4.10.0.jar:/Users/anjolaoluwaadeuyi/.m2/repository/org/apache/jena/jena-dboe-transaction/4.10.0/jena-dboe-transaction-4.10.0.jar:/Users/anjolaoluwaadeuyi/.m2/repository/org/apache/jena/jena-dboe-base/4.10.0/jena-dboe-base-4.10.0.jar:/Users/anjolaoluwaadeuyi/.m2/repository/org/apache/jena/jena-dboe-index/4.10.0/jena-dboe-index-4.10.0.jar:/Users/anjolaoluwaadeuyi/.m2/repository/org/apache/jena/jena-rdfconnection/4.10.0/jena-rdfconnection-4.10.0.jar:/Users/anjolaoluwaadeuyi/.m2/repository/org/apache/jena/jena-fuseki-main/4.10.0/jena-fuseki-main-4.10.0.jar:/Users/anjolaoluwaadeuyi/.m2/repository/org/apache/jena/jena-fuseki-core/4.10.0/jena-fuseki-core-4.10.0.jar:/Users/anjolaoluwaadeuyi/.m2/repository/org/eclipse/jetty/jetty-servlet/10.0.17/jetty-servlet-10.0.17.jar:/Users/anjolaoluwaadeuyi/.m2/repository/org/eclipse/jetty/jetty-security/10.0.17/jetty-security-10.0.17.jar:/Users/anjolaoluwaadeuyi/.m2/repository/org/eclipse/jetty/jetty-server/10.0.17/jetty-server-10.0.17.jar:/Users/anjolaoluwaadeuyi/.m2/repository/org/eclipse/jetty/toolchain/jetty-servlet-api/4.0.6/jetty-servlet-api-4.0.6.jar:/Users/anjolaoluwaadeuyi/.m2/repository/org/eclipse/jetty/jetty-servlets/10.0.17/jetty-servlets-10.0.17.jar:/Users/anjolaoluwaadeuyi/.m2/repository/org/eclipse/jetty/jetty-http/10.0.17/jetty-http-10.0.17.jar:/Users/anjolaoluwaadeuyi/.m2/repository/org/eclipse/jetty/jetty-io/10.0.17/jetty-io-10.0.17.jar:/Users/anjolaoluwaadeuyi/.m2/repository/io/micrometer/micrometer-core/1.11.4/micrometer-core-1.11.4.jar:/Users/anjolaoluwaadeuyi/.m2/repository/io/micrometer/micrometer-commons/1.11.4/micrometer-commons-1.11.4.jar:/Users/anjolaoluwaadeuyi/.m2/repository/io/micrometer/micrometer-observation/1.11.4/micrometer-observation-1.11.4.jar:/Users/anjolaoluwaadeuyi/.m2/repository/org/hdrhistogram/HdrHistogram/2.1.12/HdrHistogram-2.1.12.jar:/Users/anjolaoluwaadeuyi/.m2/repository/org/latencyutils/LatencyUtils/2.0.3/LatencyUtils-2.0.3.jar:/Users/anjolaoluwaadeuyi/.m2/repository/io/micrometer/micrometer-registry-prometheus/1.11.4/micrometer-registry-prometheus-1.11.4.jar:/Users/anjolaoluwaadeuyi/.m2/repository/io/prometheus/simpleclient_common/0.16.0/simpleclient_common-0.16.0.jar:/Users/anjolaoluwaadeuyi/.m2/repository/io/prometheus/simpleclient/0.16.0/simpleclient-0.16.0.jar:/Users/anjolaoluwaadeuyi/.m2/repository/io/prometheus/simpleclient_tracer_otel/0.16.0/simpleclient_tracer_otel-0.16.0.jar:/Users/anjolaoluwaadeuyi/.m2/repository/io/prometheus/simpleclient_tracer_common/0.16.0/simpleclient_tracer_common-0.16.0.jar:/Users/anjolaoluwaadeuyi/.m2/repository/io/prometheus/simpleclient_tracer_otel_agent/0.16.0/simpleclient_tracer_otel_agent-0.16.0.jar:/Users/anjolaoluwaadeuyi/.m2/repository/org/apache/jena/jena-fuseki-access/4.10.0/jena-fuseki-access-4.10.0.jar:/Users/anjolaoluwaadeuyi/.m2/repository/org/apache/jena/jena-cmds/4.10.0/jena-cmds-4.10.0.jar:/Users/anjolaoluwaadeuyi/.m2/repository/org/eclipse/jetty/jetty-xml/10.0.17/jetty-xml-10.0.17.jar:/Users/anjolaoluwaadeuyi/.m2/repository/org/eclipse/jetty/jetty-util/10.0.17/jetty-util-10.0.17.jar:/Users/anjolaoluwaadeuyi/.m2/repository/org/glassfish/jersey/containers/jersey-container-grizzly2-http/3.1.5/jersey-container-grizzly2-http-3.1.5.jar:/Users/anjolaoluwaadeuyi/.m2/repository/jakarta/inject/jakarta.inject-api/2.0.1/jakarta.inject-api-2.0.1.jar:/Users/anjolaoluwaadeuyi/.m2/repository/org/glassfish/grizzly/grizzly-http-server/4.0.1/grizzly-http-server-4.0.1.jar:/Users/anjolaoluwaadeuyi/.m2/repository/org/glassfish/grizzly/grizzly-http/4.0.1/grizzly-http-4.0.1.jar:/Users/anjolaoluwaadeuyi/.m2/repository/org/glassfish/grizzly/grizzly-framework/4.0.1/grizzly-framework-4.0.1.jar:/Users/anjolaoluwaadeuyi/.m2/repository/org/glassfish/jersey/core/jersey-common/3.1.5/jersey-common-3.1.5.jar:/Users/anjolaoluwaadeuyi/.m2/repository/jakarta/annotation/jakarta.annotation-api/2.1.1/jakarta.annotation-api-2.1.1.jar:/Users/anjolaoluwaadeuyi/.m2/repository/org/glassfish/hk2/osgi-resource-locator/1.0.3/osgi-resource-locator-1.0.3.jar:/Users/anjolaoluwaadeuyi/.m2/repository/org/glassfish/jersey/core/jersey-server/3.1.5/jersey-server-3.1.5.jar:/Users/anjolaoluwaadeuyi/.m2/repository/org/glassfish/jersey/core/jersey-client/3.1.5/jersey-client-3.1.5.jar:/Users/anjolaoluwaadeuyi/.m2/repository/jakarta/validation/jakarta.validation-api/3.0.2/jakarta.validation-api-3.0.2.jar:/Users/anjolaoluwaadeuyi/.m2/repository/jakarta/ws/rs/jakarta.ws.rs-api/3.1.0/jakarta.ws.rs-api-3.1.0.jar:/Users/anjolaoluwaadeuyi/.m2/repository/org/json/json/20231013/json-20231013.jar:/Users/anjolaoluwaadeuyi/.m2/repository/org/slf4j/slf4j-api/2.0.11/slf4j-api-2.0.11.jar:/Users/anjolaoluwaadeuyi/.m2/repository/ch/qos/logback/logback-classic/1.4.14/logback-classic-1.4.14.jar:/Users/anjolaoluwaadeuyi/.m2/repository/ch/qos/logback/logback-core/1.4.14/logback-core-1.4.14.jar:"/>
    <property name="sun.cpu.endian" value="little"/>
    <property name="user.home" value="/Users/anjolaoluwaadeuyi"/>
    <property name="user.language" value="en"/>
    <property name="java.specification.vendor" value="Oracle Corporation"/>
    <property name="java.version.date" value="2024-10-15"/>
    <property name="java.home" value="/opt/homebrew/Cellar/openjdk@17/17.0.13/libexec/openjdk.jdk/Contents/Home"/>
    <property name="file.separator" value="/"/>
    <property name="basedir" value="/Users/anjolaoluwaadeuyi/Documents/CPS2/Master 2 (M2)/Semantic web/SW Project/bulbapedia-kg"/>
    <property name="java.vm.compressedOopsMode" value="Zero based"/>
    <property name="line.separator" value="&#10;"/>
    <property name="java.specification.name" value="Java Platform API Specification"/>
    <property name="java.vm.specification.vendor" value="Oracle Corporation"/>
    <property name="surefire.real.class.path" value="/Users/anjolaoluwaadeuyi/Documents/CPS2/Master 2 (M2)/Semantic web/SW Project/bulbapedia-kg/target/surefire/surefirebooter-20250110192816314_3.jar"/>
    <property name="sun.management.compiler" value="HotSpot 64-Bit Tiered Compilers"/>
    <property name="ftp.nonProxyHosts" value="local|*.local|169.254/16|*.169.254/16"/>
    <property name="java.runtime.version" value="17.0.13+0"/>
    <property name="user.name" value="anjolaoluwaadeuyi"/>
    <property name="path.separator" value=":"/>
    <property name="os.version" value="13.0.1"/>
    <property name="java.runtime.name" value="OpenJDK Runtime Environment"/>
    <property name="file.encoding" value="UTF-8"/>
    <property name="java.vm.name" value="OpenJDK 64-Bit Server VM"/>
    <property name="java.vendor.version" value="Homebrew"/>
    <property name="localRepository" value="/Users/anjolaoluwaadeuyi/.m2/repository"/>
    <property name="java.vendor.url.bug" value="https://github.com/Homebrew/homebrew-core/issues"/>
    <property name="java.io.tmpdir" value="/var/folders/s8/ffl7srx90hq3q3z7xctfq4540000gn/T/"/>
    <property name="java.version" value="17.0.13"/>
    <property name="user.dir" value="/Users/anjolaoluwaadeuyi/Documents/CPS2/Master 2 (M2)/Semantic web/SW Project/bulbapedia-kg"/>
    <property name="os.arch" value="aarch64"/>
    <property name="java.vm.specification.name" value="Java Virtual Machine Specification"/>
    <property name="native.encoding" value="UTF-8"/>
    <property name="java.library.path" value="/Users/anjolaoluwaadeuyi/Library/Java/Extensions:/Library/Java/Extensions:/Network/Library/Java/Extensions:/System/Library/Java/Extensions:/usr/lib/java:."/>
    <property name="java.vm.info" value="mixed mode, sharing"/>
    <property name="java.vendor" value="Homebrew"/>
    <property name="java.vm.version" value="17.0.13+0"/>
    <property name="java.specification.maintenance.version" value="1"/>
    <property name="sun.io.unicode.encoding" value="UnicodeBig"/>
    <property name="socksNonProxyHosts" value="local|*.local|169.254/16|*.169.254/16"/>
    <property name="java.class.version" value="61.0"/>
  </properties>
  <testcase name="shouldAnswerWithTrue" classname="org.example.AppTest" time="0.001"/>
</testsuite>